**********************
Windows PowerShell transcript start
Start time: 20260206085610
Username: LAPTOP-ITEJ6S1Q\Infin
RunAs User: LAPTOP-ITEJ6S1Q\Infin
Configuration Name: 
Machine: LAPTOP-ITEJ6S1Q (Microsoft Windows NT 10.0.26200.0)
Host Application: C:\windows\System32\WindowsPowerShell\v1.0\powershell.exe
Process ID: 51836
PSVersion: 5.1.26100.7705
PSEdition: Desktop
PSCompatibleVersions: 1.0, 2.0, 3.0, 4.0, 5.0, 5.1.26100.7705
BuildVersion: 10.0.26100.7705
CLRVersion: 4.0.30319.42000
WSManStackVersion: 3.0
PSRemotingProtocolVersion: 2.3
SerializationVersion: 1.1.0.1
**********************
Transcript started, output file is session.log
PS C:\Users\Infin\OneDrive\Desktop\HYDROGENESIS> Stop-Transcript
**********************
Windows PowerShell transcript end
End time: 20260206085621
**********************
